2025-11-13T22:36:03.3109329Z Current runner version: '2.329.0'
2025-11-13T22:36:03.3134922Z Runner name: 'TYMOSHI'
2025-11-13T22:36:03.3136299Z Runner group name: 'Default'
2025-11-13T22:36:03.3137624Z Machine name: 'TYMOSHI'
2025-11-13T22:36:03.3143914Z ##[group]GITHUB_TOKEN Permissions
2025-11-13T22:36:03.3147421Z Contents: read
2025-11-13T22:36:03.3147888Z Metadata: read
2025-11-13T22:36:03.3148518Z ##[endgroup]
2025-11-13T22:36:03.3151045Z Secret source: Actions
2025-11-13T22:36:03.3151829Z Prepare workflow directory
2025-11-13T22:36:03.3857382Z Prepare all required actions
2025-11-13T22:36:03.3907847Z Getting action download info
2025-11-13T22:36:04.0402176Z Download action repository 'actions/checkout@v4' (SHA:08eba0b27e820071cde6df949e0beb9ba4906955)
2025-11-13T22:36:05.5879736Z Download action repository 'azure/setup-kubectl@v4' (SHA:776406bce94f63e41d621b960d78ee25c8b76ede)
2025-11-13T22:36:06.7773760Z Complete job name: deploy
2025-11-13T22:36:06.9622302Z ##[group]Run actions/checkout@v4
2025-11-13T22:36:06.9623420Z with:
2025-11-13T22:36:06.9623662Z   repository: PedroG659/monitor
2025-11-13T22:36:06.9624161Z   token: ***
2025-11-13T22:36:06.9624356Z   ssh-strict: true
2025-11-13T22:36:06.9624558Z   ssh-user: git
2025-11-13T22:36:06.9624761Z   persist-credentials: true
2025-11-13T22:36:06.9624985Z   clean: true
2025-11-13T22:36:06.9625198Z   sparse-checkout-cone-mode: true
2025-11-13T22:36:06.9625448Z   fetch-depth: 1
2025-11-13T22:36:06.9625660Z   fetch-tags: false
2025-11-13T22:36:06.9625880Z   show-progress: true
2025-11-13T22:36:06.9626105Z   lfs: false
2025-11-13T22:36:06.9626289Z   submodules: false
2025-11-13T22:36:06.9626494Z   set-safe-directory: true
2025-11-13T22:36:06.9626988Z ##[endgroup]
2025-11-13T22:36:08.6355101Z Syncing repository: PedroG659/monitor
2025-11-13T22:36:08.6357087Z ##[group]Getting Git version info
2025-11-13T22:36:08.6358087Z Working directory is 'C:\Users\pedro\Documents\GitHub\monitor\actions-runner\_work\monitor\monitor'
2025-11-13T22:36:08.6903240Z [command]"C:\Program Files\Git\cmd\git.exe" version
2025-11-13T22:36:09.0743539Z git version 2.49.0.windows.1
2025-11-13T22:36:09.0833709Z ##[endgroup]
2025-11-13T22:36:09.0864485Z Copying 'C:\Users\pedro\.gitconfig' to 'C:\Users\pedro\Documents\GitHub\monitor\actions-runner\_work\_temp\40fcbb9c-3162-49a0-8c4a-92587abfa02e\.gitconfig'
2025-11-13T22:36:09.0912688Z Temporarily overriding HOME='C:\Users\pedro\Documents\GitHub\monitor\actions-runner\_work\_temp\40fcbb9c-3162-49a0-8c4a-92587abfa02e' before making global git config changes
2025-11-13T22:36:09.0914481Z Adding repository directory to the temporary git global config as a safe directory
2025-11-13T22:36:09.0933176Z [command]"C:\Program Files\Git\cmd\git.exe" config --global --add safe.directory C:\Users\pedro\Documents\GitHub\monitor\actions-runner\_work\monitor\monitor
2025-11-13T22:36:09.1754485Z Deleting the contents of 'C:\Users\pedro\Documents\GitHub\monitor\actions-runner\_work\monitor\monitor'
2025-11-13T22:36:09.1779815Z ##[group]Initializing the repository
2025-11-13T22:36:09.1798892Z [command]"C:\Program Files\Git\cmd\git.exe" init C:\Users\pedro\Documents\GitHub\monitor\actions-runner\_work\monitor\monitor
2025-11-13T22:36:09.3066692Z Initialized empty Git repository in C:/Users/pedro/Documents/GitHub/monitor/actions-runner/_work/monitor/monitor/.git/
2025-11-13T22:36:09.3152368Z [command]"C:\Program Files\Git\cmd\git.exe" remote add origin https://github.com/PedroG659/monitor
2025-11-13T22:36:09.3994244Z ##[endgroup]
2025-11-13T22:36:09.3995031Z ##[group]Disabling automatic garbage collection
2025-11-13T22:36:09.4008736Z [command]"C:\Program Files\Git\cmd\git.exe" config --local gc.auto 0
2025-11-13T22:36:09.4719367Z ##[endgroup]
2025-11-13T22:36:09.4720000Z ##[group]Setting up auth
2025-11-13T22:36:09.4735914Z [command]"C:\Program Files\Git\cmd\git.exe" config --local --name-only --get-regexp core\.sshCommand
2025-11-13T22:36:09.5465032Z [command]"C:\Program Files\Git\cmd\git.exe" submodule foreach --recursive "sh -c \"git config --local --name-only --get-regexp 'core\.sshCommand' && git config --local --unset-all 'core.sshCommand' || :\""
2025-11-13T22:36:11.0602535Z [command]"C:\Program Files\Git\cmd\git.exe" config --local --name-only --get-regexp http\.https\:\/\/github\.com\/\.extraheader
2025-11-13T22:36:11.1282266Z [command]"C:\Program Files\Git\cmd\git.exe" submodule foreach --recursive "sh -c \"git config --local --name-only --get-regexp 'http\.https\:\/\/github\.com\/\.extraheader' && git config --local --unset-all 'http.https://github.com/.extraheader' || :\""
2025-11-13T22:36:12.3937652Z [command]"C:\Program Files\Git\cmd\git.exe" config --local http.https://github.com/.extraheader "AUTHORIZATION: basic ***"
2025-11-13T22:36:12.4836221Z ##[endgroup]
2025-11-13T22:36:12.4841601Z ##[group]Fetching the repository
2025-11-13T22:36:12.4880492Z [command]"C:\Program Files\Git\cmd\git.exe" -c protocol.version=2 fetch --no-tags --prune --no-recurse-submodules --depth=1 origin +b495c54df2e46620016487f2ff17e874f9345ba1:refs/remotes/origin/main
2025-11-13T22:38:21.4479766Z From https://github.com/PedroG659/monitor
2025-11-13T22:38:21.4481724Z  * [new ref]         b495c54df2e46620016487f2ff17e874f9345ba1 -> origin/main
2025-11-13T22:38:21.4808284Z ##[endgroup]
2025-11-13T22:38:21.4809361Z ##[group]Determining the checkout info
2025-11-13T22:38:21.4818326Z ##[endgroup]
2025-11-13T22:38:21.4865698Z [command]"C:\Program Files\Git\cmd\git.exe" sparse-checkout disable
2025-11-13T22:38:21.5731712Z [command]"C:\Program Files\Git\cmd\git.exe" config --local --unset-all extensions.worktreeConfig
2025-11-13T22:38:21.6394450Z ##[group]Checking out the ref
2025-11-13T22:38:21.6409374Z [command]"C:\Program Files\Git\cmd\git.exe" checkout --progress --force -B main refs/remotes/origin/main
2025-11-13T22:38:22.7695503Z Updating files:   4% (68/1615)
2025-11-13T22:38:22.8088650Z Updating files:   5% (81/1615)
2025-11-13T22:38:22.9049979Z Updating files:   6% (97/1615)
2025-11-13T22:38:22.9547134Z Updating files:   7% (114/1615)
2025-11-13T22:38:23.2511451Z Updating files:   8% (130/1615)
2025-11-13T22:38:23.2915019Z Updating files:   9% (146/1615)
2025-11-13T22:38:23.3419437Z Updating files:  10% (162/1615)
2025-11-13T22:38:23.4211696Z Updating files:  11% (178/1615)
2025-11-13T22:38:23.4575369Z Updating files:  12% (194/1615)
2025-11-13T22:38:23.5564969Z Updating files:  13% (210/1615)
2025-11-13T22:38:23.6312020Z Updating files:  14% (227/1615)
2025-11-13T22:38:24.5468670Z Updating files:  15% (243/1615)
2025-11-13T22:38:24.9924362Z Updating files:  15% (245/1615)
2025-11-13T22:38:25.0307770Z Updating files:  15% (247/1615)
2025-11-13T22:38:25.0733117Z Updating files:  16% (259/1615)
2025-11-13T22:38:25.1065210Z Updating files:  17% (275/1615)
2025-11-13T22:38:25.1361334Z Updating files:  18% (291/1615)
2025-11-13T22:38:25.1647498Z Updating files:  19% (307/1615)
2025-11-13T22:38:25.1942940Z Updating files:  20% (323/1615)
2025-11-13T22:38:25.2197565Z Updating files:  21% (340/1615)
2025-11-13T22:38:25.2517231Z Updating files:  22% (356/1615)
2025-11-13T22:38:25.2807485Z Updating files:  23% (372/1615)
2025-11-13T22:38:25.3055513Z Updating files:  24% (388/1615)
2025-11-13T22:38:25.3282022Z Updating files:  25% (404/1615)
2025-11-13T22:38:25.3540921Z Updating files:  26% (420/1615)
2025-11-13T22:38:25.3801633Z Updating files:  27% (437/1615)
2025-11-13T22:38:25.4016382Z Updating files:  28% (453/1615)
2025-11-13T22:38:25.4372007Z Updating files:  29% (469/1615)
2025-11-13T22:38:25.4636538Z Updating files:  30% (485/1615)
2025-11-13T22:38:25.4990633Z Updating files:  31% (501/1615)
2025-11-13T22:38:25.5239949Z Updating files:  32% (517/1615)
2025-11-13T22:38:25.5517590Z Updating files:  33% (533/1615)
2025-11-13T22:38:25.5756685Z Updating files:  34% (550/1615)
2025-11-13T22:38:25.6028042Z Updating files:  35% (566/1615)
2025-11-13T22:38:25.6295370Z Updating files:  36% (582/1615)
2025-11-13T22:38:25.6563747Z Updating files:  37% (598/1615)
2025-11-13T22:38:25.6781490Z Updating files:  3