2025-11-13T22:36:06.9622237Z ##[group]Run actions/checkout@v4
2025-11-13T22:36:06.9623400Z with:
2025-11-13T22:36:06.9623659Z   repository: PedroG659/monitor
2025-11-13T22:36:06.9624157Z   token: ***
2025-11-13T22:36:06.9624353Z   ssh-strict: true
2025-11-13T22:36:06.9624555Z   ssh-user: git
2025-11-13T22:36:06.9624758Z   persist-credentials: true
2025-11-13T22:36:06.9624983Z   clean: true
2025-11-13T22:36:06.9625195Z   sparse-checkout-cone-mode: true
2025-11-13T22:36:06.9625445Z   fetch-depth: 1
2025-11-13T22:36:06.9625657Z   fetch-tags: false
2025-11-13T22:36:06.9625872Z   show-progress: true
2025-11-13T22:36:06.9626102Z   lfs: false
2025-11-13T22:36:06.9626287Z   submodules: false
2025-11-13T22:36:06.9626491Z   set-safe-directory: true
2025-11-13T22:36:06.9626977Z ##[endgroup]
2025-11-13T22:36:08.6355044Z Syncing repository: PedroG659/monitor
2025-11-13T22:36:08.6357064Z ##[group]Getting Git version info
2025-11-13T22:36:08.6357984Z Working directory is 'C:\Users\pedro\Documents\GitHub\monitor\actions-runner\_work\monitor\monitor'
2025-11-13T22:36:08.6903163Z [command]"C:\Program Files\Git\cmd\git.exe" version
2025-11-13T22:36:09.0743451Z git version 2.49.0.windows.1
2025-11-13T22:36:09.0833632Z ##[endgroup]
2025-11-13T22:36:09.0864412Z Copying 'C:\Users\pedro\.gitconfig' to 'C:\Users\pedro\Documents\GitHub\monitor\actions-runner\_work\_temp\40fcbb9c-3162-49a0-8c4a-92587abfa02e\.gitconfig'
2025-11-13T22:36:09.0912604Z Temporarily overriding HOME='C:\Users\pedro\Documents\GitHub\monitor\actions-runner\_work\_temp\40fcbb9c-3162-49a0-8c4a-92587abfa02e' before making global git config changes
2025-11-13T22:36:09.0914458Z Adding repository directory to the temporary git global config as a safe directory
2025-11-13T22:36:09.0933120Z [command]"C:\Program Files\Git\cmd\git.exe" config --global --add safe.directory C:\Users\pedro\Documents\GitHub\monitor\actions-runner\_work\monitor\monitor
2025-11-13T22:36:09.1754362Z Deleting the contents of 'C:\Users\pedro\Documents\GitHub\monitor\actions-runner\_work\monitor\monitor'
2025-11-13T22:36:09.1779731Z ##[group]Initializing the repository
2025-11-13T22:36:09.1798817Z [command]"C:\Program Files\Git\cmd\git.exe" init C:\Users\pedro\Documents\GitHub\monitor\actions-runner\_work\monitor\monitor
2025-11-13T22:36:09.3066617Z Initialized empty Git repository in C:/Users/pedro/Documents/GitHub/monitor/actions-runner/_work/monitor/monitor/.git/
2025-11-13T22:36:09.3152316Z [command]"C:\Program Files\Git\cmd\git.exe" remote add origin https://github.com/PedroG659/monitor
2025-11-13T22:36:09.3994195Z ##[endgroup]
2025-11-13T22:36:09.3995019Z ##[group]Disabling automatic garbage collection
2025-11-13T22:36:09.4008706Z [command]"C:\Program Files\Git\cmd\git.exe" config --local gc.auto 0
2025-11-13T22:36:09.4719306Z ##[endgroup]
2025-11-13T22:36:09.4719991Z ##[group]Setting up auth
2025-11-13T22:36:09.4735886Z [command]"C:\Program Files\Git\cmd\git.exe" config --local --name-only --get-regexp core\.sshCommand
2025-11-13T22:36:09.5464961Z [command]"C:\Program Files\Git\cmd\git.exe" submodule foreach --recursive "sh -c \"git config --local --name-only --get-regexp 'core\.sshCommand' && git config --local --unset-all 'core.sshCommand' || :\""
2025-11-13T22:36:11.0602469Z [command]"C:\Program Files\Git\cmd\git.exe" config --local --name-only --get-regexp http\.https\:\/\/github\.com\/\.extraheader
2025-11-13T22:36:11.1282181Z [command]"C:\Program Files\Git\cmd\git.exe" submodule foreach --recursive "sh -c \"git config --local --name-only --get-regexp 'http\.https\:\/\/github\.com\/\.extraheader' && git config --local --unset-all 'http.https://github.com/.extraheader' || :\""
2025-11-13T22:36:12.3937574Z [command]"C:\Program Files\Git\cmd\git.exe" config --local http.https://github.com/.extraheader "AUTHORIZATION: basic ***"
2025-11-13T22:36:12.4836134Z ##[endgroup]
2025-11-13T22:36:12.4841579Z ##[group]Fetching the repository
2025-11-13T22:36:12.4877735Z [command]"C:\Program Files\Git\cmd\git.exe" -c protocol.version=2 fetch --no-tags --prune --no-recurse-submodules --depth=1 origin +b495c54df2e46620016487f2ff17e874f9345ba1:refs/remotes/origin/main
2025-11-13T22:38:21.4479022Z From https://github.com/PedroG659/monitor
2025-11-13T22:38:21.4481713Z  * [new ref]         b495c54df2e46620016487f2ff17e874f9345ba1 -> origin/main
2025-11-13T22:38:21.4808244Z ##[endgroup]
2025-11-13T22:38:21.4809352Z ##[group]Determining the checkout info
2025-11-13T22:38:21.4818315Z ##[endgroup]
2025-11-13T22:38:21.4865664Z [command]"C:\Program Files\Git\cmd\git.exe" sparse-checkout disable
2025-11-13T22:38:21.5731678Z [command]"C:\Program Files\Git\cmd\git.exe" config --local --unset-all extensions.worktreeConfig
2025-11-13T22:38:21.6394158Z ##[group]Checking out the ref
2025-11-13T22:38:21.6409334Z [command]"C:\Program Files\Git\cmd\git.exe" checkout --progress --force -B main refs/remotes/origin/main
2025-11-13T22:38:22.7695408Z Updating files:   4% (68/1615)
2025-11-13T22:38:22.8088457Z Updating files:   5% (81/1615)
2025-11-13T22:38:22.9049362Z Updating files:   6% (97/1615)
2025-11-13T22:38:22.9547086Z Updating files:   7% (114/1615)
2025-11-13T22:38:23.2511394Z Updating files:   8% (130/1615)
2025-11-13T22:38:23.2914967Z Updating files:   9% (146/1615)
2025-11-13T22:38:23.3419390Z Updating files:  10% (162/1615)
2025-11-13T22:38:23.4211634Z Updating files:  11% (178/1615)
2025-11-13T22:38:23.4575315Z Updating files:  12% (194/1615)
2025-11-13T22:38:23.5564930Z Updating files:  13% (210/1615)
2025-11-13T22:38:23.6311982Z Updating files:  14% (227/1615)
2025-11-13T22:38:24.5468597Z Updating files:  15% (243/1615)
2025-11-13T22:38:24.9924292Z Updating files:  15% (245/1615)
2025-11-13T22:38:25.0307658Z Updating files:  15% (247/1615)
2025-11-13T22:38:25.0733043Z Updating files:  16% (259/1615)
2025-11-13T22:38:25.1065134Z Updating files:  17% (275/1615)
2025-11-13T22:38:25.1361277Z Updating files:  18% (291/1615)
2025-11-13T22:38:25.1647451Z Updating files:  19% (307/1615)
2025-11-13T22:38:25.1942889Z Updating files:  20% (323/1615)
2025-11-13T22:38:25.2197438Z Updating files:  21% (340/1615)
2025-11-13T22:38:25.2517169Z Updating files:  22% (356/1615)
2025-11-13T22:38:25.2807431Z Updating files:  23% (372/1615)
2025-11-13T22:38:25.3055463Z Updating files:  24% (388/1615)
2025-11-13T22:38:25.3281927Z Updating files:  25% (404/1615)
2025-11-13T22:38:25.3540877Z Updating files:  26% (420/1615)
2025-11-13T22:38:25.3801585Z Updating files:  27% (437/1615)
2025-11-13T22:38:25.4015287Z Updating files:  28% (453/1615)
2025-11-13T22:38:25.4371967Z Updating files:  29% (469/1615)
2025-11-13T22:38:25.4636481Z Updating files:  30% (485/1615)
2025-11-13T22:38:25.4990576Z Updating files:  31% (501/1615)
2025-11-13T22:38:25.5239882Z Updating files:  32% (517/1615)
2025-11-13T22:38:25.5517534Z Updating files:  33% (533/1615)
2025-11-13T22:38:25.5756631Z Updating files:  34% (550/1615)
2025-11-13T22:38:25.6027989Z Updating files:  35% (566/1615)
2025-11-13T22:38:25.6295326Z Updating files:  36% (582/1615)
2025-11-13T22:38:25.6563636Z Updating files:  37% (598/1615)
2025-11-13T22:38:25.6781438Z Updating files:  38% (614/1615)
2025-11-13T22:38:25.6997714Z Updating files:  39% (630/1615)
2025-11-13T22:38:25.7200392Z Updating files:  40% (646/1615)
2025-11-13T22:38:25.7400811Z Updating files:  41% (663/1615)
2025-11-13T22:38:25.7425840Z Updating files:  41% (677/1615)
2025-11-13T22:38:25.7655904Z Updating files:  42% (679/1615)
2025-11-13T22:38:25.7843900Z Updating files:  43% (695/1615)
2025-11-13T22:38:25.8035274Z Updating files:  44% (711/1615)
2025-11-13T22:38:25.8270999Z Updating files:  45% (727/1615)
2025-11-13T22:38:25.8507290Z Updating files:  46% (743/1615)
2025-11-13T22:38:25.8753016Z Updating files:  47% (760/1615)
2025-11-13T22:38:25.9041627Z Updating files:  48% (776/1615)
2025-11-13T22:38:25.9378628Z Updating files:  49% (792/1615)
2025-11-13T22:38:25.9783052Z Updating files:  50% (808/1615)
2025-11-13T22:38:26.0050645Z Updating files:  51% (824/1615)
2025-11-13T22:38:26.0326571Z Updating files:  52% (840/1615)
2025-11-13T22:38:26.0