[2025-11-13 22:29:24Z INFO HostContext] No proxy settings were found based on environmental variables (http_proxy/https_proxy/HTTP_PROXY/HTTPS_PROXY)
[2025-11-13 22:29:24Z INFO HostContext] Well known directory 'Bin': 'C:\Users\pedro\Documents\GitHub\monitor\actions-runner\bin'
[2025-11-13 22:29:24Z INFO HostContext] Well known directory 'Root': 'C:\Users\pedro\Documents\GitHub\monitor\actions-runner'
[2025-11-13 22:29:24Z INFO HostContext] Well known config file 'Credentials': 'C:\Users\pedro\Documents\GitHub\monitor\actions-runner\.credentials'
[2025-11-13 22:29:24Z INFO HostContext] Well known directory 'Bin': 'C:\Users\pedro\Documents\GitHub\monitor\actions-runner\bin'
[2025-11-13 22:29:24Z INFO HostContext] Well known directory 'Root': 'C:\Users\pedro\Documents\GitHub\monitor\actions-runner'
[2025-11-13 22:29:24Z INFO HostContext] Well known config file 'Runner': 'C:\Users\pedro\Documents\GitHub\monitor\actions-runner\.runner'
[2025-11-13 22:29:24Z INFO Listener] Runner is built for Windows (X64) - win-x64.
[2025-11-13 22:29:24Z INFO Listener] RuntimeInformation: Microsoft Windows 10.0.26200.
[2025-11-13 22:29:24Z INFO Listener] Version: 2.329.0
[2025-11-13 22:29:24Z INFO Listener] Commit: c76c59996c8fa32e989164a5a695efb12608ae5a
[2025-11-13 22:29:24Z INFO Listener] Culture: pt-BR
[2025-11-13 22:29:24Z INFO Listener] UI Culture: pt-BR
[2025-11-13 22:29:24Z INFO HostContext] Well known directory 'Bin': 'C:\Users\pedro\Documents\GitHub\monitor\actions-runner\bin'
[2025-11-13 22:29:24Z INFO HostContext] Well known directory 'Root': 'C:\Users\pedro\Documents\GitHub\monitor\actions-runner'
[2025-11-13 22:29:24Z INFO Listener] Validating directory permissions for: 'C:\Users\pedro\Documents\GitHub\monitor\actions-runner'
[2025-11-13 22:29:24Z INFO CommandLineParser] Parse
[2025-11-13 22:29:24Z INFO CommandLineParser] Parsing 1 args
[2025-11-13 22:29:24Z INFO CommandLineParser] parsing argument
[2025-11-13 22:29:24Z INFO CommandLineParser] HasArgs: False
[2025-11-13 22:29:24Z INFO CommandLineParser] Adding Command: run
[2025-11-13 22:29:24Z INFO Listener] Arguments parsed
[2025-11-13 22:29:24Z INFO Runner] ExecuteCommand
[2025-11-13 22:29:24Z INFO ConfigurationStore] currentAssemblyLocation: C:\Users\pedro\Documents\GitHub\monitor\actions-runner\bin\Runner.Listener.dll
[2025-11-13 22:29:24Z INFO HostContext] Well known directory 'Bin': 'C:\Users\pedro\Documents\GitHub\monitor\actions-runner\bin'
[2025-11-13 22:29:24Z INFO ConfigurationStore] binPath: C:\Users\pedro\Documents\GitHub\monitor\actions-runner\bin
[2025-11-13 22:29:24Z INFO HostContext] Well known directory 'Bin': 'C:\Users\pedro\Documents\GitHub\monitor\actions-runner\bin'
[2025-11-13 22:29:24Z INFO HostContext] Well known directory 'Root': 'C:\Users\pedro\Documents\GitHub\monitor\actions-runner'
[2025-11-13 22:29:24Z INFO ConfigurationStore] RootFolder: C:\Users\pedro\Documents\GitHub\monitor\actions-runner
[2025-11-13 22:29:24Z INFO HostContext] Well known directory 'Bin': 'C:\Users\pedro\Documents\GitHub\monitor\actions-runner\bin'
[2025-11-13 22:29:24Z INFO HostContext] Well known directory 'Root': 'C:\Users\pedro\Documents\GitHub\monitor\actions-runner'
[2025-11-13 22:29:24Z INFO HostContext] Well known config file 'Runner': 'C:\Users\pedro\Documents\GitHub\monitor\actions-runner\.runner'
[2025-11-13 22:29:24Z INFO ConfigurationStore] ConfigFilePath: C:\Users\pedro\Documents\GitHub\monitor\actions-runner\.runner
[2025-11-13 22:29:24Z INFO HostContext] Well known directory 'Bin': 'C:\Users\pedro\Documents\GitHub\monitor\actions-runner\bin'
[2025-11-13 22:29:24Z INFO HostContext] Well known directory 'Root': 'C:\Users\pedro\Documents\GitHub\monitor\actions-runner'
[2025-11-13 22:29:24Z INFO HostContext] Well known config file 'MigratedRunner': 'C:\Users\pedro\Documents\GitHub\monitor\actions-runner\.runner_migrated'
[2025-11-13 22:29:24Z INFO ConfigurationStore] MigratedConfigFilePath: C:\Users\pedro\Documents\GitHub\monitor\actions-runner\.runner_migrated
[2025-11-13 22:29:24Z INFO HostContext] Well known directory 'Bin': 'C:\Users\pedro\Documents\GitHub\monitor\actions-runner\bin'
[2025-11-13 22:29:24Z INFO HostContext] Well known directory 'Root': 'C:\Users\pedro\Documents\GitHub\monitor\actions-runner'
[2025-11-13 22:29:24Z INFO HostContext] Well known config file 'Credentials': 'C:\Users\pedro\Documents\GitHub\monitor\actions-runner\.credentials'
[2025-11-13 22:29:24Z INFO ConfigurationStore] CredFilePath: C:\Users\pedro\Documents\GitHub\monitor\actions-runner\.credentials
[2025-11-13 22:29:24Z INFO HostContext] Well known directory 'Bin': 'C:\Users\pedro\Documents\GitHub\monitor\actions-runner\bin'
[2025-11-13 22:29:24Z INFO HostContext] Well known directory 'Root': 'C:\Users\pedro\Documents\GitHub\monitor\actions-runner'
[2025-11-13 22:29:24Z INFO HostContext] Well known config file 'MigratedCredentials': 'C:\Users\pedro\Documents\GitHub\monitor\actions-runner\.credentials_migrated'
[2025-11-13 22:29:24Z INFO ConfigurationStore] MigratedCredFilePath: C:\Users\pedro\Documents\GitHub\monitor\actions-runner\.credentials_migrated
[2025-11-13 22:29:24Z INFO HostContext] Well known directory 'Bin': 'C:\Users\pedro\Documents\GitHub\monitor\actions-runner\bin'
[2025-11-13 22:29:24Z INFO HostContext] Well known directory 'Root': 'C:\Users\pedro\Documents\GitHub\monitor\actions-runner'
[2025-11-13 22:29:24Z INFO HostContext] Well known config file 'Service': 'C:\Users\pedro\Documents\GitHub\monitor\actions-runner\.service'
[2025-11-13 22:29:24Z INFO ConfigurationStore] ServiceConfigFilePath: C:\Users\pedro\Documents\GitHub\monitor\actions-runner\.service
[2025-11-13 22:29:24Z INFO CommandSettings] Flag 'help': 'False'
[2025-11-13 22:29:24Z INFO CommandSettings] Flag 'version': 'False'
[2025-11-13 22:29:24Z INFO CommandSettings] Flag 'commit': 'False'
[2025-11-13 22:29:24Z INFO CommandSettings] Flag 'check': 'False'
[2025-11-13 22:29:24Z INFO CommandSettings] Command 'configure': 'False'
[2025-11-13 22:29:24Z INFO CommandSettings] Command 'remove': 'False'
[2025-11-13 22:29:24Z INFO CommandSettings] Command 'warmup': 'False'
[2025-11-13 22:29:24Z INFO ConfigurationManager] LoadSettings
[2025-11-13 22:29:24Z INFO ConfigurationStore] IsConfigured()
[2025-11-13 22:29:24Z INFO ConfigurationStore] IsConfigured: True
[2025-11-13 22:29:24Z INFO ConfigurationManager] Is configured: True
[2025-11-13 22:29:24Z INFO ConfigurationStore] Read setting file: 388 chars
[2025-11-13 22:29:24Z INFO ConfigurationManager] Settings Loaded
[2025-11-13 22:29:24Z INFO ConfigurationStore] IsServiceConfigured()
[2025-11-13 22:29:24Z INFO ConfigurationStore] IsServiceConfigured: False
[2025-11-13 22:29:24Z INFO CommandSettings] Command 'run': 'True'
[2025-11-13 22:29:24Z INFO ConfigurationStore] IsConfigured()
[2025-11-13 22:29:24Z INFO ConfigurationStore] IsConfigured: True
[2025-11-13 22:29:24Z INFO ConfigurationManager] Is configured: True
[2025-11-13 22:29:24Z INFO Runner] Could not parse the argument value '' for StartupType. Defaulting to Manual
[2025-11-13 22:29:24Z INFO Runner] Set runner startup type - Manual
[2025-11-13 22:29:24Z INFO CommandSettings] Flag 'once': 'False'
[2025-11-13 22:29:24Z INFO CommandSettings] Flag 'once': 'False'
[2025-11-13 22:29:24Z INFO Runner] RunAsync
[2025-11-13 22:29:24Z INFO ConfigurationManager] LoadMigratedSettings
[2025-11-13 22:29:24Z INFO ConfigurationStore] IsMigratedConfigured()
[2025-11-13 22:29:24Z INFO ConfigurationStore] IsMigratedConfigured: False
[2025-11-13 22:29:24Z INFO Runner] Failed to load migrated settings: No migrated configuration found.
[2025-11-13 22:29:24Z INFO Runner] Falling back to original .runner settings
[2025-11-13 22:29:24Z INFO Runner] Using BrokerMessageListener
[2025-11-13 22:29:24Z INFO BrokerMessageListener] Using provided settings
[2025-11-13 22:29:24Z INFO BrokerMessageListener] {
  "AgentId": 21,
  "AgentName": "TYMOSHI",
  "PoolId": 1,
  "PoolName": "Default",
  "ServerUrl": "https://pipelinesghubeus6.actions.githubusercontent.com/0OGJNBRh4OcYfyU8Hj6biV5LNX5vRhfVi85iSshm4VxGXTaqcP/",
  "GitHubUrl": "https://github.com/PedroG659/monitor",
  "WorkFolder": "_work",
  "UseV2Flow": true,
  "ServerUrlV2": "https://broker.actions.githubusercontent.com/"
}
[2025-11-13 22:29:24Z INFO BrokerMessageListener] Loading Credentials
[2025-11-13 22:29:24Z INFO ConfigurationStore] HasCredentials()
[2025-11-13 22:29:24Z INFO ConfigurationStore] stored True
[2025-11-13 22:29:24Z INFO CredentialManager] GetCredentialProvider
[2025-11-13 22:29:24Z INFO CredentialManager] Creating type OAuth
[2025-11-13 22:29:24Z INFO CredentialManager] Creating credential type: OAuth
[2025-11-13 22:29:24Z INFO HostContext] Well known directory 'Bin': 'C:\Users\pedro\Documents\GitHub\monitor\actions-runner\bin'
[2025-11-13 22:29:24Z INFO HostContext] Well known directory 'Root': 'C:\Users\pedro\Documents\GitHub\monitor\actions-runner'
[2025-11-13 22:29:24Z INFO HostContext] Well known config file 'RSACredentials': 'C:\Users\pedro\Documents\GitHub\monitor\actions-runner\.credentials_rsaparams'
[2025-11-13 22:29:24Z INFO RSAEncryptedFileKeyManager] Loading RSA key parameters from file C:\Users\pedro\Documents\GitHub\monitor\actions-runner\.credentials_rsaparams
[2025-11-13 22:29:24Z INFO BrokerMessageListener] Attempt to create session.
[2025-11-13 22:29:24Z INFO BrokerMessageListener] Connecting to the Broker Server...
[2025-11-13 22:29:24Z INFO ConfigurationStore] HasCredentials()
[2025-11-13 22:29:24Z INFO ConfigurationStore] stored True
[2025-11-13 22:29:24Z INFO CredentialManager] GetCredentialProvider
[2025-11-13 22:29:24Z INFO CredentialManager] Creating type OAuth
[2025-11-13 22:29:24Z INFO CredentialManager] Creating credential type: OAuth
[2025-11-13 22:29:24Z INFO RSAEncryptedFileKeyManager] Loading RSA key parameters from file C:\Users\pedro\Documents\GitHub\monitor\actions-runner\.credentials_rsaparams
[2025-11-13 22:29:24Z INFO BrokerMessageListener] VssConnection created
[2025-11-13 22:29:24Z INFO BrokerMessageListener] Connecting to the Runner server...
[2025-11-13 22:29:24Z INFO RunnerServer] EstablishVssConnection
[2025-11-13 22:29:24Z INFO RunnerServer] Establish connection with 100 seconds timeout.
[2025-11-13 22:29:24Z INFO GitHubActionsService] Starting operation Location.GetConnectionData
[2025-11-13 22:29:24Z INFO RunnerServer] EstablishVssConnection
[2025-11-13 22:29:24Z INFO RunnerServer] Establish connection with 60 seconds timeout.
[2025-11-13 22:29:24Z INFO GitHubActionsService] Starting operation Location.GetConnectionData
[2025-11-13 22:29:24Z INFO RunnerServer] EstablishVssConnection
[2025-11-13 22:29:24Z INFO RunnerServer] Establish connection with 60 seconds timeout.
[2025-11-13 22:29:24Z INFO GitHubActionsService] Starting operation Location.GetConnectionData
[2025-11-13 22:29:25Z INFO GitHubActionsService] Finished operation Location.GetConnectionData
[2025-11-13 22:29:25Z INFO GitHubActionsService] Finished operation Location.GetConnectionData
[2025-11-13 22:29:25Z INFO GitHubActionsService] Finished operation Location.GetConnectionData
[2025-11-13 22:29:25Z INFO BrokerMessageListener] VssConnection created
[2025-11-13 22:29:25Z INFO Terminal] WRITE LINE: 
[2025-11-13 22:29:25Z INFO Terminal] WRITE LINE: 
[2025-11-13 22:29:25Z INFO RSAEncryptedFileKeyManager] Loading RSA key parameters from file C:\Users\pedro\Documents\GitHub\monitor\actions-runner\.credentials_rsaparams
[2025-11-13 22:29:25Z INFO RSAEncryptedFileKeyManager] Loading RSA key parameters from file C:\Users\pedro\Documents\GitHub\monitor\actions-runner\.credentials_rsaparams
[2025-11-13 22:29:26Z INFO GitHubActionsService] AAD Correlation ID for this token request: Unknown
[2025-11-13 22:29:27Z INFO BrokerMessageListener] Session created.
[2025-11-13 22:29:27Z INFO Terminal] WRITE LINE: Current runner version: '2.329.0'
[2025-11-13 22:29:27Z INFO Terminal] WRITE LINE: 2025-11-13 22:29:27Z: Listening for Jobs
[2025-11-13 22:29:27Z INFO JobDispatcher] Set runner/worker IPC timeout to 30 seconds.
[2025-11-13 22:35:59Z INFO BrokerMessageListener] Acknowledging runner request '49f5a1c3-1b72-57d4-89f3-727e5effe419'.
[2025-11-13 22:35:59Z INFO ConfigurationStore] HasCredentials()
[2025-11-13 22:35:59Z INFO ConfigurationStore] stored True
[2025-11-13 22:35:59Z INFO CredentialManager] GetCredentialProvider
[2025-11-13 22:35:59Z INFO CredentialManager] Creating type OAuth
[2025-11-13 22:35:59Z INFO CredentialManager] Creating credential type: OAuth
[2025-11-13 22:35:59Z INFO RSAEncryptedFileKeyManager] Loading RSA key parameters from file C:\Users\pedro\Documents\GitHub\monitor\actions-runner\.credentials_rsaparams
[2025-11-13 22:35:59Z INFO RSAEncryptedFileKeyManager] Loading RSA key parameters from file C:\Users\pedro\Documents\GitHub\monitor\actions-runner\.credentials_rsaparams
[2025-11-13 22:35:59Z INFO RSAEncryptedFileKeyManager] Loading RSA key parameters from file C:\Users\pedro\Documents\GitHub\monitor\actions-runner\.credentials_rsaparams
[2025-11-13 22:36:00Z INFO GitHubActionsService] AAD Correlation ID for this token request: Unknown
[2025-11-13 22:36:01Z INFO JobDispatcher] Job request 0 for plan e3f19c3e-a01a-4ace-89b6-d4a449e73a5e job 49f5a1c3-1b72-57d4-89f3-727e5effe419 received.
[2025-11-13 22:36:01Z INFO JobDispatcher] Pull OrchestrationId e3f19c3e-a01a-4ace-89b6-d4a449e73a5e.deploy.__default from JWT claims
[2025-11-13 22:36:01Z INFO BrokerMessageListener] Received job status event. JobState: Busy
[2025-11-13 22:36:01Z INFO BrokerMessageListener] _getMessagesTokenSource is already disposed.
[2025-11-13 22:36:01Z INFO Terminal] WRITE LINE: 2025-11-13 22:36:01Z: Running job: deploy
[2025-11-13 22:36:01Z INFO JobDispatcher] Start renew job request 0 for job 49f5a1c3-1b72-57d4-89f3-727e5effe419.
[2025-11-13 22:36:02Z INFO JobDispatcher] Successfully renew job 49f5a1c3-1b72-57d4-89f3-727e5effe419, job is valid till 13/11/2025 22:45:55
[2025-11-13 22:36:02Z INFO HostContext] Well known directory 'Bin': 'C:\Users\pedro\Documents\GitHub\monitor\actions-runner\bin'
[2025-11-13 22:36:02Z INFO ProcessInvokerWrapper] Starting process:
[2025-11-13 22:36:02Z INFO ProcessInvokerWrapper]   File name: 'C:\Users\pedro\Documents\GitHub\monitor\actions-runner\bin\Runner.Worker.exe'
[2025-11-13 22:36:02Z INFO ProcessInvokerWrapper]   Arguments: 'spawnclient 2396 2408'
[2025-11-13 22:36:02Z INFO ProcessInvokerWrapper]   Working directory: 'C:\Users\pedro\Documents\GitHub\monitor\actions-runner\bin'
[2025-11-13 22:36:02Z INFO ProcessInvokerWrapper]   Require exit code zero: 'False'
[2025-11-13 22:36:02Z INFO ProcessInvokerWrapper]   Encoding web name:  ; code page: ''
[2025-11-13 22:36:02Z INFO ProcessInvokerWrapper]   Force kill process on cancellation: 'True'
[2025-11-13 22:36:02Z INFO ProcessInvokerWrapper]   Redirected STDIN: 'False'
[2025-11-13 22:36:02Z INFO ProcessInvokerWrapper]   Persist current code page: 'False'
[2025-11-13 22:36:02Z INFO ProcessInvokerWrapper]   Keep redirected STDIN open: 'False'
[2025-11-13 22:36:02Z INFO ProcessInvokerWrapper]   High priority process: 'True'
[2025-11-13 22:36:02Z INFO ProcessInvokerWrapper] Process started with process id 28364, waiting for process exit.
[2025-11-13 22:36:02Z INFO JobDispatcher] Send job request message to worker for job 49f5a1c3-1b72-57d4-89f3-727e5effe419.
[2025-11-13 22:36:02Z INFO ProcessChannel] Sending message of length 35364, with hash 'd00768df60624f24a089ae32b6f8a0849293eccfb328f0918479e43f34b74bc2'
[2025-11-13 22:36:02Z INFO JobNotification] Entering JobStarted Notification
[2025-11-13 22:36:02Z INFO JobNotification] Entering StartMonitor
[2025-11-13 22:37:02Z INFO JobDispatcher] Successfully renew job 49f5a1c3-1b72-57d4-89f3-727e5effe419, job is valid till 13/11/2025 22:46:56
[2025-11-13 22:38:02Z INFO JobDispatcher] Successfully renew job 49f5a1c3-1b72-57d4-89f3-727e5effe419, job is valid till 13/11/2025 22:47:56
[2025-11-13 22:39:03Z INFO JobDispatcher] Successfully renew job 49f5a1c3-1b72-57d4-89f3-727e5effe419, job is valid till 13/11/2025 22:48:56
[2025-11-13 22:39:19Z INFO ProcessInvokerWrapper] STDOUT/STDERR stream read finished.
[2025-11-13 22:39:19Z INFO ProcessInvokerWrapper] STDOUT/STDERR stream read finished.
[2025-11-13 22:39:19Z INFO ProcessInvokerWrapper] Finished process 28364 with exit code 102, and elapsed time 00:03:17.5930767.
[2025-11-13 22:39:19Z INFO JobDispatcher] Worker finished for job 49f5a1c3-1b72-57d4-89f3-727e5effe419. Code: 102
[2025-11-13 22:39:19Z INFO JobDispatcher] finish job request for job 49f5a1c3-1b72-57d4-89f3-727e5effe419 with result: Failed
[2025-11-13 22:39:19Z INFO Terminal] WRITE LINE: 2025-11-13 22:39:19Z: Job deploy completed with result: Failed
[2025-11-13 22:39:19Z INFO JobDispatcher] Stop renew job request for job 49f5a1c3-1b72-57d4-89f3-727e5effe419.
[2025-11-13 22:39:19Z INFO JobDispatcher] job renew has been cancelled, stop renew job 49f5a1c3-1b72-57d4-89f3-727e5effe419.
[2025-11-13 22:39:19Z INFO JobNotification] Entering JobCompleted Notification
[2025-11-13 22:39:19Z INFO JobNotification] Entering EndMonitor
[2025-11-13 22:39:19Z INFO BrokerMessageListener] Received job status event. JobState: Online
[2025-11-13 22:39:19Z WARN GitHubActionsService] GET request to https://broker.actions.githubusercontent.com/message?sessionId=2c89fb4e-7faa-4a56-b79c-f52daedff21a&status=Busy&runnerVersion=2.329.0&os=Windows&architecture=X64&disableUpdate=false has been cancelled.
[2025-11-13 22:39:19Z ERR  BrokerServer] Catch exception during request
[2025-11-13 22:39:19Z ERR  BrokerServer] System.Threading.Tasks.TaskCanceledException: The operation was canceled.
 ---> System.Threading.Tasks.TaskCanceledException: The operation was canceled.
 ---> System.IO.IOException: Unable to read data from the transport connection: A operação de E/S foi anulada devido a uma saída de thread ou a uma requisição de aplicativo..
 ---> System.Net.Sockets.SocketException (995): A operação de E/S foi anulada devido a uma saída de thread ou a uma requisição de aplicativo.
   --- End of inner exception stack trace ---
   at System.Net.Sockets.Socket.AwaitableSocketAsyncEventArgs.ThrowException(SocketError error, CancellationToken cancellationToken)
   at System.Net.Sockets.Socket.AwaitableSocketAsyncEventArgs.System.Threading.Tasks.Sources.IValueTaskSource<System.Int32>.GetResult(Int16 token)
   at System.Net.Security.SslStream.EnsureFullTlsFrameAsync[TIOAdapter](CancellationToken cancellationToken, Int32 estimatedSize)
   at System.Runtime.CompilerServices.PoolingAsyncValueTaskMethodBuilder`1.StateMachineBox`1.System.Threading.Tasks.Sources.IValueTaskSource<TResult>.GetResult(Int16 token)
   at System.Net.Security.SslStream.ReadAsyncInternal[TIOAdapter](Memory`1 buffer, CancellationToken cancellationToken)
   at System.Runtime.CompilerServices.PoolingAsyncValueTaskMethodBuilder`1.StateMachineBox`1.System.Threading.Tasks.Sources.IValueTaskSource<TResult>.GetResult(Int16 token)
   at System.Net.Http.HttpConnection.SendAsync(HttpRequestMessage request, Boolean async, CancellationToken cancellationToken)
   --- End of inner exception stack trace ---
   at System.Net.Http.HttpConnection.SendAsync(HttpRequestMessage request, Boolean async, CancellationToken cancellationToken)
   at System.Net.Http.AuthenticationHelper.SendWithNtAuthAsync(HttpRequestMessage request, Uri authUri, Boolean async, ICredentials credentials, Boolean isProxyAuth, HttpConnection connection, HttpConnectionPool connectionPool, CancellationToken cancellationToken)
   at System.Net.Http.HttpConnectionPool.SendWithVersionDetectionAndRetryAsync(HttpRequestMessage request, Boolean async, Boolean doRequestAuth, CancellationToken cancellationToken)
   at System.Net.Http.AuthenticationHelper.SendWithAuthAsync(HttpRequestMessage request, Uri authUri, Boolean async, ICredentials credentials, Boolean preAuthenticate, Boolean isProxyAuth, Boolean doRequestAuth, HttpConnectionPool pool, CancellationToken cancellationToken)
   at System.Net.Http.RedirectHandler.SendAsync(HttpRequestMessage request, Boolean async, CancellationToken cancellationToken)
   at GitHub.Services.Common.RawHttpMessageHandler.SendAsync(HttpRequestMessage request, CancellationToken cancellationToken)
   at GitHub.Services.Common.VssHttpRetryMessageHandler.SendAsync(HttpRequestMessage request, CancellationToken cancellationToken)
   at System.Net.Http.HttpClient.<SendAsync>g__Core|83_0(HttpRequestMessage request, HttpCompletionOption completionOption, CancellationTokenSource cts, Boolean disposeCts, CancellationTokenSource pendingRequestsCts, CancellationToken originalCancellationToken)
   --- End of inner exception stack trace ---
   at System.Net.Http.HttpClient.HandleFailure(Exception e, Boolean telemetryStarted, HttpResponseMessage response, CancellationTokenSource cts, CancellationToken cancellationToken, CancellationTokenSource pendingRequestsCts)
   at System.Net.Http.HttpClient.<SendAsync>g__Core|83_0(HttpRequestMessage request, HttpCompletionOption completionOption, CancellationTokenSource cts, Boolean disposeCts, CancellationTokenSource pendingRequestsCts, CancellationToken originalCancellationToken)
   at Sdk.WebApi.WebApi.RawHttpClientBase.SendAsync(HttpRequestMessage message, HttpCompletionOption completionOption, Object userState, CancellationToken cancellationToken)
   at Sdk.WebApi.WebApi.RawHttpClientBase.SendAsync[T](HttpRequestMessage message, Boolean readErrorBody, Object userState, CancellationToken cancellationToken)
   at Sdk.WebApi.WebApi.RawHttpClientBase.SendAsync[T](HttpMethod method, IEnumerable`1 additionalHeaders, Uri requestUri, HttpContent content, IEnumerable`1 queryParameters, Boolean readErrorBody, Object userState, CancellationToken cancellationToken)
   at GitHub.Actions.RunService.WebApi.BrokerHttpClient.GetRunnerMessageAsync(Nullable`1 sessionId, String runnerVersion, Nullable`1 status, String os, String architecture, Nullable`1 disableUpdate, CancellationToken cancellationToken)
   at GitHub.Runner.Common.BrokerServer.<>c__DisplayClass7_0.<<GetRunnerMessageAsync>b__0>d.MoveNext()
--- End of stack trace from previous location ---
   at GitHub.Runner.Common.RunnerService.RetryRequest[T](Func`1 func, CancellationToken cancellationToken, Int32 maxAttempts, Func`2 shouldRetry)
[2025-11-13 22:39:19Z ERR  BrokerServer] #####################################################
[2025-11-13 22:39:19Z ERR  BrokerServer] System.Threading.Tasks.TaskCanceledException: The operation was canceled.
 ---> System.IO.IOException: Unable to read data from the transport connection: A operação de E/S foi anulada devido a uma saída de thread ou a uma requisição de aplicativo..
 ---> System.Net.Sockets.SocketException (995): A operação de E/S foi anulada devido a uma saída de thread ou a uma requisição de aplicativo.
   --- End of inner exception stack trace ---
   at System.Net.Sockets.Socket.AwaitableSocketAsyncEventArgs.ThrowException(SocketError error, CancellationToken cancellationToken)
   at System.Net.Sockets.Socket.AwaitableSocketAsyncEventArgs.System.Threading.Tasks.Sources.IValueTaskSource<System.Int32>.GetResult(Int16 token)
   at System.Net.Security.SslStream.EnsureFullTlsFrameAsync[TIOAdapter](CancellationToken cancellationToken, Int32 estimatedSize)
   at System.Runtime.CompilerServices.PoolingAsyncValueTaskMethodBuilder`1.StateMachineBox`1.System.Threading.Tasks.Sources.IValueTaskSource<TResult>.GetResult(Int16 token)
   at System.Net.Security.SslStream.ReadAsyncInternal[TIOAdapter](Memory`1 buffer, CancellationToken cancellationToken)
   at System.Runtime.CompilerServices.PoolingAsyncValueTaskMethodBuilder`1.StateMachineBox`1.System.Threading.Tasks.Sources.IValueTaskSource<TResult>.GetResult(Int16 token)
   at System.Net.Http.HttpConnection.SendAsync(HttpRequestMessage request, Boolean async, CancellationToken cancellationToken)
   --- End of inner exception stack trace ---
   at System.Net.Http.HttpConnection.SendAsync(HttpRequestMessage request, Boolean async, CancellationToken cancellationToken)
   at System.Net.Http.AuthenticationHelper.SendWithNtAuthAsync(HttpRequestMessage request, Uri authUri, Boolean async, ICredentials credentials, Boolean isProxyAuth, HttpConnection connection, HttpConnectionPool connectionPool, CancellationToken cancellationToken)
   at System.Net.Http.HttpConnectionPool.SendWithVersionDetectionAndRetryAsync(HttpRequestMessage request, Boolean async, Boolean doRequestAuth, CancellationToken cancellationToken)
   at System.Net.Http.AuthenticationHelper.SendWithAuthAsync(HttpRequestMessage request, Uri authUri, Boolean async, ICredentials credentials, Boolean preAuthenticate, Boolean isProxyAuth, Boolean doRequestAuth, HttpConnectionPool pool, CancellationToken cancellationToken)
   at System.Net.Http.RedirectHandler.SendAsync(HttpRequestMessage request, Boolean async, CancellationToken cancellationToken)
   at GitHub.Services.Common.RawHttpMessageHandler.SendAsync(HttpRequestMessage request, CancellationToken cancellationToken)
   at GitHub.Services.Common.VssHttpRetryMessageHandler.SendAsync(HttpRequestMessage request, CancellationToken cancellationToken)
   at System.Net.Http.HttpClient.<SendAsync>g__Core|83_0(HttpRequestMessage request, HttpCompletionOption completionOption, CancellationTokenSource cts, Boolean disposeCts, CancellationTokenSource pendingRequestsCts, CancellationToken originalCancellationToken)
[2025-11-13 22:39:19Z ERR  BrokerServer] #####################################################
[2025-11-13 22:39:19Z ERR  BrokerServer] System.IO.IOException: Unable to read data from the transport connection: A operação de E/S foi anulada devido a uma saída de thread ou a uma requisição de aplicativo..
 ---> System.Net.Sockets.SocketException (995): A operação de E/S foi anulada devido a uma saída de thread ou a uma requisição de aplicativo.
   --- End of inner exception stack trace ---
   at System.Net.Sockets.Socket.AwaitableSocketAsyncEventArgs.ThrowException(SocketError error, CancellationToken cancellationToken)
   at System.Net.Sockets.Socket.AwaitableSocketAsyncEventArgs.System.Threading.Tasks.Sources.IValueTaskSource<System.Int32>.GetResult(Int16 token)
   at System.Net.Security.SslStream.EnsureFullTlsFrameAsync[TIOAdapter](CancellationToken cancellationToken, Int32 estimatedSize)
   at System.Runtime.CompilerServices.PoolingAsyncValueTaskMethodBuilder`1.StateMachineBox`1.System.Threading.Tasks.Sources.IValueTaskSource<TResult>.GetResult(Int16 token)
   at System.Net.Security.SslStream.ReadAsyncInternal[TIOAdapter](Memory`1 buffer, CancellationToken cancellationToken)
   at System.Runtime.CompilerServices.PoolingAsyncValueTaskMethodBuilder`1.StateMachineBox`1.System.Threading.Tasks.Sources.IValueTaskSource<TResult>.GetResult(Int16 token)
   at System.Net.Http.HttpConnection.SendAsync(HttpRequestMessage request, Boolean async, CancellationToken cancellationToken)
[2025-11-13 22:39:19Z ERR  BrokerServer] #####################################################
[2025-11-13 22:39:19Z ERR  BrokerServer] System.Net.Sockets.SocketException (995): A operação de E/S foi anulada devido a uma saída de thread ou a uma requisição de aplicativo.
[2025-11-13 22:39:19Z WARN BrokerServer] Back off 11,504 seconds before next retry. 4 attempt left.
[2025-11-13 22:39:19Z INFO BrokerMessageListener] Get messages has been cancelled using local token source. Continue to get messages with new status.
[2025-11-13 22:39:39Z INFO BrokerMessageListener] Acknowledging runner request '35e5e3f1-35b4-5fdb-b78d-20e089cab82d'.
[2025-11-13 22:39:40Z INFO ConfigurationStore] HasCredentials()
[2025-11-13 22:39:40Z INFO ConfigurationStore] stored True
[2025-11-13 22:39:40Z INFO CredentialManager] GetCredentialProvider
[2025-11-13 22:39:40Z INFO CredentialManager] Creating type OAuth
[2025-11-13 22:39:40Z INFO CredentialManager] Creating credential type: OAuth
[2025-11-13 22:39:40Z INFO RSAEncryptedFileKeyManager] Loading RSA key parameters from file C:\Users\pedro\Documents\GitHub\monitor\actions-runner\.credentials_rsaparams
[2025-11-13 22:39:40Z INFO RSAEncryptedFileKeyManager] Loading RSA key parameters from file C:\Users\pedro\Documents\GitHub\monitor\actions-runner\.credentials_rsaparams
[2025-11-13 22:39:40Z INFO RSAEncryptedFileKeyManager] Loading RSA key parameters from file C:\Users\pedro\Documents\GitHub\monitor\actions-runner\.credentials_rsaparams
[2025-11-13 22:39:40Z INFO GitHubActionsService] AAD Correlation ID for this token request: Unknown
[2025-11-13 22:39:41Z INFO JobDispatcher] Job request 0 for plan 780910b1-8a5b-42fc-a2d5-81a056fa41e8 job 35e5e3f1-35b4-5fdb-b78d-20e089cab82d received.
[2025-11-13 22:39:41Z INFO JobDispatcher] Pull OrchestrationId 780910b1-8a5b-42fc-a2d5-81a056fa41e8.deploy.__default from JWT claims
[2025-11-13 22:39:41Z INFO BrokerMessageListener] Received job status event. JobState: Busy
[2025-11-13 22:39:41Z INFO BrokerMessageListener] _getMessagesTokenSource is already disposed.
[2025-11-13 22:39:41Z INFO JobDispatcher] Job request 49f5a1c3-1b72-57d4-89f3-727e5effe419 processed succeed.
[2025-11-13 22:39:41Z INFO Terminal] WRITE LINE: 2025-11-13 22:39:41Z: Running job: deploy
[2025-11-13 22:39:41Z INFO JobDispatcher] Start renew job request 0 for job 35e5e3f1-35b4-5fdb-b78d-20e089cab82d.
[2025-11-13 22:39:42Z INFO JobDispatcher] Successfully renew job 35e5e3f1-35b4-5fdb-b78d-20e089cab82d, job is valid till 13/11/2025 22:49:36
[2025-11-13 22:39:42Z INFO HostContext] Well known directory 'Bin': 'C:\Users\pedro\Documents\GitHub\monitor\actions-runner\bin'
[2025-11-13 22:39:42Z INFO ProcessInvokerWrapper] Starting process:
[2025-11-13 22:39:42Z INFO ProcessInvokerWrapper]   File name: 'C:\Users\pedro\Documents\GitHub\monitor\actions-runner\bin\Runner.Worker.exe'
[2025-11-13 22:39:42Z INFO ProcessInvokerWrapper]   Arguments: 'spawnclient 1548 2464'
[2025-11-13 22:39:42Z INFO ProcessInvokerWrapper]   Working directory: 'C:\Users\pedro\Documents\GitHub\monitor\actions-runner\bin'
[2025-11-13 22:39:42Z INFO ProcessInvokerWrapper]   Require exit code zero: 'False'
[2025-11-13 22:39:42Z INFO ProcessInvokerWrapper]   Encoding web name:  ; code page: ''
[2025-11-13 22:39:42Z INFO ProcessInvokerWrapper]   Force kill process on cancellation: 'True'
[2025-11-13 22:39:42Z INFO ProcessInvokerWrapper]   Redirected STDIN: 'False'
[2025-11-13 22:39:42Z INFO ProcessInvokerWrapper]   Persist current code page: 'False'
[2025-11-13 22:39:42Z INFO ProcessInvokerWrapper]   Keep redirected STDIN open: 'False'
[2025-11-13 22:39:42Z INFO ProcessInvokerWrapper]   High priority process: 'True'
[2025-11-13 22:39:42Z INFO ProcessInvokerWrapper] Process started with process id 27900, waiting for process exit.
[2025-11-13 22:39:42Z INFO JobDispatcher] Send job request message to worker for job 35e5e3f1-35b4-5fdb-b78d-20e089cab82d.
[2025-11-13 22:39:42Z INFO ProcessChannel] Sending message of length 35354, with hash 'a99b092141dfb9e657b2c60a431ee4c8b201b7ce11d610f65818acdb24ddaad7'
[2025-11-13 22:39:42Z INFO JobNotification] Entering JobStarted Notification
[2025-11-13 22:39:42Z INFO JobNotification] Entering StartMonitor
[2025-11-13 22:40:18Z INFO ProcessInvokerWrapper] STDOUT/STDERR stream read finished.
[2025-11-13 22:40:18Z INFO ProcessInvokerWrapper] STDOUT/STDERR stream read finished.
[2025-11-13 22:40:18Z INFO ProcessInvokerWrapper] Finished process 27900 with exit code 102, and elapsed time 00:00:36.6283133.
[2025-11-13 22:40:18Z INFO JobDispatcher] Worker finished for job 35e5e3f1-35b4-5fdb-b78d-20e089cab82d. Code: 102
[2025-11-13 22:40:18Z INFO JobDispatcher] finish job request for job 35e5e3f1-35b4-5fdb-b78d-20e089cab82d with result: Failed
[2025-11-13 22:40:18Z INFO Terminal] WRITE LINE: 2025-11-13 22:40:18Z: Job deploy completed with result: Failed
[2025-11-13 22:40:18Z INFO JobDispatcher] Stop renew job request for job 35e5e3f1-35b4-5fdb-b78d-20e089cab82d.
[2025-11-13 22:40:18Z INFO JobDispatcher] job renew has been cancelled, stop renew job 35e5e3f1-35b4-5fdb-b78d-20e089cab82d.
[2025-11-13 22:40:18Z INFO JobNotification] Entering JobCompleted Notification
[2025-11-13 22:40:18Z INFO JobNotification] Entering EndMonitor
[2025-11-13 22:40:18Z INFO BrokerMessageListener] Received job status event. JobState: Online
[2025-11-13 22:40:18Z WARN GitHubActionsService] GET request to https://broker.actions.githubusercontent.com/message?sessionId=2c89fb4e-7faa-4a56-b79c-f52daedff21a&status=Busy&runnerVersion=2.329.0&os=Windows&architecture=X64&disableUpdate=false has been cancelled.
[2025-11-13 22:40:18Z ERR  BrokerServer] Catch exception during request
[2025-11-13 22:40:18Z ERR  BrokerServer] System.Threading.Tasks.TaskCanceledException: The operation was canceled.
 ---> System.Threading.Tasks.TaskCanceledException: The operation was canceled.
 ---> System.IO.IOException: Unable to read data from the transport connection: A operação de E/S foi anulada devido a uma saída de thread ou a uma requisição de aplicativo..
 ---> System.Net.Sockets.SocketException (995): A operação de E/S foi anulada devido a uma saída de thread ou a uma requisição de aplicativo.
   --- End of inner exception stack trace ---
   at System.Net.Sockets.Socket.AwaitableSocketAsyncEventArgs.System.Threading.Tasks.Sources.IValueTaskSource<System.Int32>.GetResult(Int16 token)
   at System.Net.Security.SslStream.EnsureFullTlsFrameAsync[TIOAdapter](CancellationToken cancellationToken, Int32 estimatedSize)
   at System.Runtime.CompilerServices.PoolingAsyncValueTaskMethodBuilder`1.StateMachineBox`1.System.Threading.Tasks.Sources.IValueTaskSource<TResult>.GetResult(Int16 token)
   at System.Net.Security.SslStream.ReadAsyncInternal[TIOAdapter](Memory`1 buffer, CancellationToken cancellationToken)
   at System.Runtime.CompilerServices.PoolingAsyncValueTaskMethodBuilder`1.StateMachineBox`1.System.Threading.Tasks.Sources.IValueTaskSource<TResult>.GetResult(Int16 token)
   at System.Net.Http.HttpConnection.<EnsureReadAheadTaskHasStarted>g__ReadAheadWithZeroByteReadAsync|40_0()
   at System.Net.Http.HttpConnection.SendAsync(HttpRequestMessage request, Boolean async, CancellationToken cancellationToken)
   --- End of inner exception stack trace ---
   at System.Net.Http.HttpConnection.SendAsync(HttpRequestMessage request, Boolean async, CancellationToken cancellationToken)
   at System.Net.Http.AuthenticationHelper.SendWithNtAuthAsync(HttpRequestMessage request, Uri authUri, Boolean async, ICredentials credentials, Boolean isProxyAuth, HttpConnection connection, HttpConnectionPool connectionPool, CancellationToken cancellationToken)
   at System.Net.Http.HttpConnectionPool.SendWithVersionDetectionAndRetryAsync(HttpRequestMessage request, Boolean async, Boolean doRequestAuth, CancellationToken cancellationToken)
   at System.Net.Http.AuthenticationHelper.SendWithAuthAsync(HttpRequestMessage request, Uri authUri, Boolean async, ICredentials credentials, Boolean preAuthenticate, Boolean isProxyAuth, Boolean doRequestAuth, HttpConnectionPool pool, CancellationToken cancellationToken)
   at System.Net.Http.RedirectHandler.SendAsync(HttpRequestMessage request, Boolean async, CancellationToken cancellationToken)
   at GitHub.Services.Common.RawHttpMessageHandler.SendAsync(HttpRequestMessage request, CancellationToken cancellationToken)
   at GitHub.Services.Common.VssHttpRetryMessageHandler.SendAsync(HttpRequestMessage request, CancellationToken cancellationToken)
   at System.Net.Http.HttpClient.<SendAsync>g__Core|83_0(HttpRequestMessage request, HttpCompletionOption completionOption, CancellationTokenSource cts, Boolean disposeCts, CancellationTokenSource pendingRequestsCts, CancellationToken originalCancellationToken)
   --- End of inner exception stack trace ---
   at System.Net.Http.HttpClient.HandleFailure(Exception e, Boolean telemetryStarted, HttpResponseMessage response, CancellationTokenSource cts, CancellationToken cancellationToken, CancellationTokenSource pendingRequestsCts)
   at System.Net.Http.HttpClient.<SendAsync>g__Core|83_0(HttpRequestMessage request, HttpCompletionOption completionOption, CancellationTokenSource cts, Boolean disposeCts, CancellationTokenSource pendingRequestsCts, CancellationToken originalCancellationToken)
   at Sdk.WebApi.WebApi.RawHttpClientBase.SendAsync(HttpRequestMessage message, HttpCompletionOption completionOption, Object userState, CancellationToken cancellationToken)
   at Sdk.WebApi.WebApi.RawHttpClientBase.SendAsync[T](HttpRequestMessage message, Boolean readErrorBody, Object userState, CancellationToken cancellationToken)
   at Sdk.WebApi.WebApi.RawHttpClientBase.SendAsync[T](HttpMethod method, IEnumerable`1 additionalHeaders, Uri requestUri, HttpContent content, IEnumerable`1 queryParameters, Boolean readErrorBody, Object userState, CancellationToken cancellationToken)
   at GitHub.Actions.RunService.WebApi.BrokerHttpClient.GetRunnerMessageAsync(Nullable`1 sessionId, String runnerVersion, Nullable`1 status, String os, String architecture, Nullable`1 disableUpdate, CancellationToken cancellationToken)
   at GitHub.Runner.Common.BrokerServer.<>c__DisplayClass7_0.<<GetRunnerMessageAsync>b__0>d.MoveNext()
--- End of stack trace from previous location ---
   at GitHub.Runner.Common.RunnerService.RetryRequest[T](Func`1 func, CancellationToken cancellationToken, Int32 maxAttempts, Func`2 shouldRetry)
[2025-11-13 22:40:18Z ERR  BrokerServer] #####################################################
[2025-11-13 22:40:18Z ERR  BrokerServer] System.Threading.Tasks.TaskCanceledException: The operation was canceled.
 ---> System.IO.IOException: Unable to read data from the transport connection: A operação de E/S foi anulada devido a uma saída de thread ou a uma requisição de aplicativo..
 ---> System.Net.Sockets.SocketException (995): A operação de E/S foi anulada devido a uma saída de thread ou a uma requisição de aplicativo.
   --- End of inner exception stack trace ---
   at System.Net.Sockets.Socket.AwaitableSocketAsyncEventArgs.System.Threading.Tasks.Sources.IValueTaskSource<System.Int32>.GetResult(Int16 token)
   at System.Net.Security.SslStream.EnsureFullTlsFrameAsync[TIOAdapter](CancellationToken cancellationToken, Int32 estimatedSize)
   at System.Runtime.CompilerServices.PoolingAsyncValueTaskMethodBuilder`1.StateMachineBox`1.System.Threading.Tasks.Sources.IValueTaskSource<TResult>.GetResult(Int16 token)
   at System.Net.Security.SslStream.ReadAsyncInternal[TIOAdapter](Memory`1 buffer, CancellationToken cancellationToken)
   at System.Runtime.CompilerServices.PoolingAsyncValueTaskMethodBuilder`1.StateMachineBox`1.System.Threading.Tasks.Sources.IValueTaskSource<TResult>.GetResult(Int16 token)
   at System.Net.Http.HttpConnection.<EnsureReadAheadTaskHasStarted>g__ReadAheadWithZeroByteReadAsync|40_0()
   at System.Net.Http.HttpConnection.SendAsync(HttpRequestMessage request, Boolean async, CancellationToken cancellationToken)
   --- End of inner exception stack trace ---
   at System.Net.Http.HttpConnection.SendAsync(HttpRequestMessage request, Boolean async, CancellationToken cancellationToken)
   at System.Net.Http.AuthenticationHelper.SendWithNtAuthAsync(HttpRequestMessage request, Uri authUri, Boolean async, ICredentials credentials, Boolean isProxyAuth, HttpConnection connection, HttpConnectionPool connectionPool, CancellationToken cancellationToken)
   at System.Net.Http.HttpConnectionPool.SendWithVersionDetectionAndRetryAsync(HttpRequestMessage request, Boolean async, Boolean doRequestAuth, CancellationToken cancellationToken)
   at System.Net.Http.AuthenticationHelper.SendWithAuthAsync(HttpRequestMessage request, Uri authUri, Boolean async, ICredentials credentials, Boolean preAuthenticate, Boolean isProxyAuth, Boolean doRequestAuth, HttpConnectionPool pool, CancellationToken cancellationToken)
   at System.Net.Http.RedirectHandler.SendAsync(HttpRequestMessage request, Boolean async, CancellationToken cancellationToken)
   at GitHub.Services.Common.RawHttpMessageHandler.SendAsync(HttpRequestMessage request, CancellationToken cancellationToken)
   at GitHub.Services.Common.VssHttpRetryMessageHandler.SendAsync(HttpRequestMessage request, CancellationToken cancellationToken)
   at System.Net.Http.HttpClient.<SendAsync>g__Core|83_0(HttpRequestMessage request, HttpCompletionOption completionOption, CancellationTokenSource cts, Boolean disposeCts, CancellationTokenSource pendingRequestsCts, CancellationToken originalCancellationToken)
[2025-11-13 22:40:18Z ERR  BrokerServer] #####################################################
[2025-11-13 22:40:18Z ERR  BrokerServer] System.IO.IOException: Unable to read data from the transport connection: A operação de E/S foi anulada devido a uma saída de thread ou a uma requisição de aplicativo..
 ---> System.Net.Sockets.SocketException (995): A operação de E/S foi anulada devido a uma saída de thread ou a uma requisição de aplicativo.
   --- End of inner exception stack trace ---
   at System.Net.Sockets.Socket.AwaitableSocketAsyncEventArgs.System.Threading.Tasks.Sources.IValueTaskSource<System.Int32>.GetResult(Int16 token)
   at System.Net.Security.SslStream.EnsureFullTlsFrameAsync[TIOAdapter](CancellationToken cancellationToken, Int32 estimatedSize)
   at System.Runtime.CompilerServices.PoolingAsyncValueTaskMethodBuilder`1.StateMachineBox`1.System.Threading.Tasks.Sources.IValueTaskSource<TResult>.GetResult(Int16 token)
   at System.Net.Security.SslStream.ReadAsyncInternal[TIOAdapter](Memory`1 buffer, CancellationToken cancellationToken)
   at System.Runtime.CompilerServices.PoolingAsyncValueTaskMethodBuilder`1.StateMachineBox`1.System.Threading.Tasks.Sources.IValueTaskSource<TResult>.GetResult(Int16 token)
   at System.Net.Http.HttpConnection.<EnsureReadAheadTaskHasStarted>g__ReadAheadWithZeroByteReadAsync|40_0()
   at System.Net.Http.HttpConnection.SendAsync(HttpRequestMessage request, Boolean async, CancellationToken cancellationToken)
[2025-11-13 22:40:18Z ERR  BrokerServer] #####################################################
[2025-11-13 22:40:18Z ERR  BrokerServer] System.Net.Sockets.SocketException (995): A operação de E/S foi anulada devido a uma saída de thread ou a uma requisição de aplicativo.
[2025-11-13 22:40:18Z WARN BrokerServer] Back off 12,952 seconds before next retry. 4 attempt left.
[2025-11-13 22:40:18Z INFO BrokerMessageListener] Get messages has been cancelled using local token source. Continue to get messages with new status.
[2025-11-13 22:40:33Z INFO HostContext] Runner will be shutdown for UserCancelled
[2025-11-13 22:40:33Z WARN GitHubActionsService] GET request to https://broker.actions.githubusercontent.com/message?sessionId=2c89fb4e-7faa-4a56-b79c-f52daedff21a&status=Online&runnerVersion=2.329.0&os=Windows&architecture=X64&disableUpdate=false has been cancelled.
[2025-11-13 22:40:33Z ERR  BrokerServer] Catch exception during request
[2025-11-13 22:40:33Z ERR  BrokerServer] System.Threading.Tasks.TaskCanceledException: The operation was canceled.
 ---> System.Threading.Tasks.TaskCanceledException: The operation was canceled.
 ---> System.IO.IOException: Unable to read data from the transport connection: A operação de E/S foi anulada devido a uma saída de thread ou a uma requisição de aplicativo..
 ---> System.Net.Sockets.SocketException (995): A operação de E/S foi anulada devido a uma saída de thread ou a uma requisição de aplicativo.
   --- End of inner exception stack trace ---
   at System.Net.Sockets.Socket.AwaitableSocketAsyncEventArgs.System.Threading.Tasks.Sources.IValueTaskSource<System.Int32>.GetResult(Int16 token)
   at System.Net.Security.SslStream.EnsureFullTlsFrameAsync[TIOAdapter](CancellationToken cancellationToken, Int32 estimatedSize)
   at System.Runtime.CompilerServices.PoolingAsyncValueTaskMethodBuilder`1.StateMachineBox`1.System.Threading.Tasks.Sources.IValueTaskSource<TResult>.GetResult(Int16 token)
   at System.Net.Security.SslStream.ReadAsyncInternal[TIOAdapter](Memory`1 buffer, CancellationToken cancellationToken)
   at System.Runtime.CompilerServices.PoolingAsyncValueTaskMethodBuilder`1.StateMachineBox`1.System.Threading.Tasks.Sources.IValueTaskSource<TResult>.GetResult(Int16 token)
   at System.Net.Http.HttpConnection.InitialFillAsync(Boolean async)
   at System.Net.Http.HttpConnection.SendAsync(HttpRequestMessage request, Boolean async, CancellationToken cancellationToken)
   --- End of inner exception stack trace ---
   at System.Net.Http.HttpConnection.SendAsync(HttpRequestMessage request, Boolean async, CancellationToken cancellationToken)
   at System.Net.Http.AuthenticationHelper.SendWithNtAuthAsync(HttpRequestMessage request, Uri authUri, Boolean async, ICredentials credentials, Boolean isProxyAuth, HttpConnection connection, HttpConnectionPool connectionPool, CancellationToken cancellationToken)
   at System.Net.Http.HttpConnectionPool.SendWithVersionDetectionAndRetryAsync(HttpRequestMessage request, Boolean async, Boolean doRequestAuth, CancellationToken cancellationToken)
   at System.Net.Http.AuthenticationHelper.SendWithAuthAsync(HttpRequestMessage request, Uri authUri, Boolean async, ICredentials credentials, Boolean preAuthenticate, Boolean isProxyAuth, Boolean doRequestAuth, HttpConnectionPool pool, CancellationToken cancellationToken)
   at System.Net.Http.RedirectHandler.SendAsync(HttpRequestMessage request, Boolean async, CancellationToken cancellationToken)
   at GitHub.Services.Common.RawHttpMessageHandler.SendAsync(HttpRequestMessage request, CancellationToken cancellationToken)
   at GitHub.Services.Common.VssHttpRetryMessageHandler.SendAsync(HttpRequestMessage request, CancellationToken cancellationToken)
   at System.Net.Http.HttpClient.<SendAsync>g__Core|83_0(HttpRequestMessage request, HttpCompletionOption completionOption, CancellationTokenSource cts, Boolean disposeCts, CancellationTokenSource pendingRequestsCts, CancellationToken originalCancellationToken)
   --- End of inner exception stack trace ---
   at System.Net.Http.HttpClient.HandleFailure(Exception e, Boolean telemetryStarted, HttpResponseMessage response, CancellationTokenSource cts, CancellationToken cancellationToken, CancellationTokenSource pendingRequestsCts)
   at System.Net.Http.HttpClient.<SendAsync>g__Core|83_0(HttpRequestMessage request, HttpCompletionOption completionOption, CancellationTokenSource cts, Boolean disposeCts, CancellationTokenSource pendingRequestsCts, CancellationToken originalCancellationToken)
   at Sdk.WebApi.WebApi.RawHttpClientBase.SendAsync(HttpRequestMessage message, HttpCompletionOption completionOption, Object userState, CancellationToken cancellationToken)
   at Sdk.WebApi.WebApi.RawHttpClientBase.SendAsync[T](HttpRequestMessage message, Boolean readErrorBody, Object userState, CancellationToken cancellationToken)
   at Sdk.WebApi.WebApi.RawHttpClientBase.SendAsync[T](HttpMethod method, IEnumerable`1 additionalHeaders, Uri requestUri, HttpContent content, IEnumerable`1 queryParameters, Boolean readErrorBody, Object userState, CancellationToken cancellationToken)
   at GitHub.Actions.RunService.WebApi.BrokerHttpClient.GetRunnerMessageAsync(Nullable`1 sessionId, String runnerVersion, Nullable`1 status, String os, String architecture, Nullable`1 disableUpdate, CancellationToken cancellationToken)
   at GitHub.Runner.Common.BrokerServer.<>c__DisplayClass7_0.<<GetRunnerMessageAsync>b__0>d.MoveNext()
--- End of stack trace from previous location ---
   at GitHub.Runner.Common.RunnerService.RetryRequest[T](Func`1 func, CancellationToken cancellationToken, Int32 maxAttempts, Func`2 shouldRetry)
[2025-11-13 22:40:33Z ERR  BrokerServer] #####################################################
[2025-11-13 22:40:33Z ERR  BrokerServer] System.Threading.Tasks.TaskCanceledException: The operation was canceled.
 ---> System.IO.IOException: Unable to read data from the transport connection: A operação de E/S foi anulada devido a uma saída de thread ou a uma requisição de aplicativo..
 ---> System.Net.Sockets.SocketException (995): A operação de E/S foi anulada devido a uma saída de thread ou a uma requisição de aplicativo.
   --- End of inner exception stack trace ---
   at System.Net.Sockets.Socket.AwaitableSocketAsyncEventArgs.System.Threading.Tasks.Sources.IValueTaskSource<System.Int32>.GetResult(Int16 token)
   at System.Net.Security.SslStream.EnsureFullTlsFrameAsync[TIOAdapter](CancellationToken cancellationToken, Int32 estimatedSize)
   at System.Runtime.CompilerServices.PoolingAsyncValueTaskMethodBuilder`1.StateMachineBox`1.System.Threading.Tasks.Sources.IValueTaskSource<TResult>.GetResult(Int16 token)
   at System.Net.Security.SslStream.ReadAsyncInternal[TIOAdapter](Memory`1 buffer, CancellationToken cancellationToken)
   at System.Runtime.CompilerServices.PoolingAsyncValueTaskMethodBuilder`1.StateMachineBox`1.System.Threading.Tasks.Sources.IValueTaskSource<TResult>.GetResult(Int16 token)
   at System.Net.Http.HttpConnection.InitialFillAsync(Boolean async)
   at System.Net.Http.HttpConnection.SendAsync(HttpRequestMessage request, Boolean async, CancellationToken cancellationToken)
   --- End of inner exception stack trace ---
   at System.Net.Http.HttpConnection.SendAsync(HttpRequestMessage request, Boolean async, CancellationToken cancellationToken)
   at System.Net.Http.AuthenticationHelper.SendWithNtAuthAsync(HttpRequestMessage request, Uri authUri, Boolean async, ICredentials credentials, Boolean isProxyAuth, HttpConnection connection, HttpConnectionPool connectionPool, CancellationToken cancellationToken)
   at System.Net.Http.HttpConnectionPool.SendWithVersionDetectionAndRetryAsync(HttpRequestMessage request, Boolean async, Boolean doRequestAuth, CancellationToken cancellationToken)
   at System.Net.Http.AuthenticationHelper.SendWithAuthAsync(HttpRequestMessage request, Uri authUri, Boolean async, ICredentials credentials, Boolean preAuthenticate, Boolean isProxyAuth, Boolean doRequestAuth, HttpConnectionPool pool, CancellationToken cancellationToken)
   at System.Net.Http.RedirectHandler.SendAsync(HttpRequestMessage request, Boolean async, CancellationToken cancellationToken)
   at GitHub.Services.Common.RawHttpMessageHandler.SendAsync(HttpRequestMessage request, CancellationToken cancellationToken)
   at GitHub.Services.Common.VssHttpRetryMessageHandler.SendAsync(HttpRequestMessage request, CancellationToken cancellationToken)
   at System.Net.Http.HttpClient.<SendAsync>g__Core|83_0(HttpRequestMessage request, HttpCompletionOption completionOption, CancellationTokenSource cts, Boolean disposeCts, CancellationTokenSource pendingRequestsCts, CancellationToken originalCancellationToken)
[2025-11-13 22:40:33Z ERR  BrokerServer] #####################################################
[2025-11-13 22:40:33Z ERR  BrokerServer] System.IO.IOException: Unable to read data from the transport connection: A operação de E/S foi anulada devido a uma saída de thread ou a uma requisição de aplicativo..
 ---> System.Net.Sockets.SocketException (995): A operação de E/S foi anulada devido a uma saída de thread ou a uma requisição de aplicativo.
   --- End of inner exception stack trace ---
   at System.Net.Sockets.Socket.AwaitableSocketAsyncEventArgs.System.Threading.Tasks.Sources.IValueTaskSource<System.Int32>.GetResult(Int16 token)
   at System.Net.Security.SslStream.EnsureFullTlsFrameAsync[TIOAdapter](CancellationToken cancellationToken, Int32 estimatedSize)
   at System.Runtime.CompilerServices.PoolingAsyncValueTaskMethodBuilder`1.StateMachineBox`1.System.Threading.Tasks.Sources.IValueTaskSource<TResult>.GetResult(Int16 token)
   at System.Net.Security.SslStream.ReadAsyncInternal[TIOAdapter](Memory`1 buffer, CancellationToken cancellationToken)
   at System.Runtime.CompilerServices.PoolingAsyncValueTaskMethodBuilder`1.StateMachineBox`1.System.Threading.Tasks.Sources.IValueTaskSource<TResult>.GetResult(Int16 token)
   at System.Net.Http.HttpConnection.InitialFillAsync(Boolean async)
   at System.Net.Http.HttpConnection.SendAsync(HttpRequestMessage request, Boolean async, CancellationToken cancellationToken)
[2025-11-13 22:40:33Z ERR  BrokerServer] #####################################################
[2025-11-13 22:40:33Z ERR  BrokerServer] System.Net.Sockets.SocketException (995): A operação de E/S foi anulada devido a uma saída de thread ou a uma requisição de aplicativo.
[2025-11-13 22:40:33Z WARN BrokerServer] Back off 5,207 seconds before next retry. 4 attempt left.
[2025-11-13 22:40:33Z INFO BrokerMessageListener] Get next message has been cancelled.
[2025-11-13 22:40:33Z INFO JobDispatcher] Shutting down JobDispatcher. Make sure all WorkerDispatcher has finished.
[2025-11-13 22:40:33Z INFO JobDispatcher] Ensure WorkerDispatcher for job 35e5e3f1-35b4-5fdb-b78d-20e089cab82d run to finish, cancel any running job.
[2025-11-13 22:40:33Z INFO JobDispatcher] Job request 35e5e3f1-35b4-5fdb-b78d-20e089cab82d processed succeed.
[2025-11-13 22:40:33Z INFO Runner] Deleting Runner Session...
