[2025-11-13 22:27:38Z INFO HostContext] No proxy settings were found based on environmental variables (http_proxy/https_proxy/HTTP_PROXY/HTTPS_PROXY)
[2025-11-13 22:27:38Z INFO HostContext] Well known directory 'Bin': 'C:\Users\pedro\Documents\GitHub\monitor\actions-runner\bin'
[2025-11-13 22:27:38Z INFO HostContext] Well known directory 'Root': 'C:\Users\pedro\Documents\GitHub\monitor\actions-runner'
[2025-11-13 22:27:38Z INFO HostContext] Well known config file 'Credentials': 'C:\Users\pedro\Documents\GitHub\monitor\actions-runner\.credentials'
[2025-11-13 22:27:38Z INFO HostContext] Well known directory 'Bin': 'C:\Users\pedro\Documents\GitHub\monitor\actions-runner\bin'
[2025-11-13 22:27:38Z INFO HostContext] Well known directory 'Root': 'C:\Users\pedro\Documents\GitHub\monitor\actions-runner'
[2025-11-13 22:27:38Z INFO HostContext] Well known config file 'Runner': 'C:\Users\pedro\Documents\GitHub\monitor\actions-runner\.runner'
[2025-11-13 22:27:38Z INFO Listener] Runner is built for Windows (X64) - win-x64.
[2025-11-13 22:27:38Z INFO Listener] RuntimeInformation: Microsoft Windows 10.0.26200.
[2025-11-13 22:27:38Z INFO Listener] Version: 2.329.0
[2025-11-13 22:27:38Z INFO Listener] Commit: c76c59996c8fa32e989164a5a695efb12608ae5a
[2025-11-13 22:27:38Z INFO Listener] Culture: pt-BR
[2025-11-13 22:27:38Z INFO Listener] UI Culture: pt-BR
[2025-11-13 22:27:38Z INFO HostContext] Well known directory 'Bin': 'C:\Users\pedro\Documents\GitHub\monitor\actions-runner\bin'
[2025-11-13 22:27:38Z INFO HostContext] Well known directory 'Root': 'C:\Users\pedro\Documents\GitHub\monitor\actions-runner'
[2025-11-13 22:27:38Z INFO Listener] Validating directory permissions for: 'C:\Users\pedro\Documents\GitHub\monitor\actions-runner'
[2025-11-13 22:27:38Z INFO CommandLineParser] Parse
[2025-11-13 22:27:38Z INFO CommandLineParser] Parsing 1 args
[2025-11-13 22:27:38Z INFO CommandLineParser] parsing argument
[2025-11-13 22:27:38Z INFO CommandLineParser] HasArgs: False
[2025-11-13 22:27:38Z INFO CommandLineParser] Adding Command: configure
[2025-11-13 22:27:38Z INFO Listener] Arguments parsed
[2025-11-13 22:27:38Z INFO Runner] ExecuteCommand
[2025-11-13 22:27:38Z INFO ConfigurationStore] currentAssemblyLocation: C:\Users\pedro\Documents\GitHub\monitor\actions-runner\bin\Runner.Listener.dll
[2025-11-13 22:27:38Z INFO HostContext] Well known directory 'Bin': 'C:\Users\pedro\Documents\GitHub\monitor\actions-runner\bin'
[2025-11-13 22:27:38Z INFO ConfigurationStore] binPath: C:\Users\pedro\Documents\GitHub\monitor\actions-runner\bin
[2025-11-13 22:27:38Z INFO HostContext] Well known directory 'Bin': 'C:\Users\pedro\Documents\GitHub\monitor\actions-runner\bin'
[2025-11-13 22:27:38Z INFO HostContext] Well known directory 'Root': 'C:\Users\pedro\Documents\GitHub\monitor\actions-runner'
[2025-11-13 22:27:38Z INFO ConfigurationStore] RootFolder: C:\Users\pedro\Documents\GitHub\monitor\actions-runner
[2025-11-13 22:27:38Z INFO HostContext] Well known directory 'Bin': 'C:\Users\pedro\Documents\GitHub\monitor\actions-runner\bin'
[2025-11-13 22:27:38Z INFO HostContext] Well known directory 'Root': 'C:\Users\pedro\Documents\GitHub\monitor\actions-runner'
[2025-11-13 22:27:38Z INFO HostContext] Well known config file 'Runner': 'C:\Users\pedro\Documents\GitHub\monitor\actions-runner\.runner'
[2025-11-13 22:27:38Z INFO ConfigurationStore] ConfigFilePath: C:\Users\pedro\Documents\GitHub\monitor\actions-runner\.runner
[2025-11-13 22:27:38Z INFO HostContext] Well known directory 'Bin': 'C:\Users\pedro\Documents\GitHub\monitor\actions-runner\bin'
[2025-11-13 22:27:38Z INFO HostContext] Well known directory 'Root': 'C:\Users\pedro\Documents\GitHub\monitor\actions-runner'
[2025-11-13 22:27:38Z INFO HostContext] Well known config file 'MigratedRunner': 'C:\Users\pedro\Documents\GitHub\monitor\actions-runner\.runner_migrated'
[2025-11-13 22:27:38Z INFO ConfigurationStore] MigratedConfigFilePath: C:\Users\pedro\Documents\GitHub\monitor\actions-runner\.runner_migrated
[2025-11-13 22:27:38Z INFO HostContext] Well known directory 'Bin': 'C:\Users\pedro\Documents\GitHub\monitor\actions-runner\bin'
[2025-11-13 22:27:38Z INFO HostContext] Well known directory 'Root': 'C:\Users\pedro\Documents\GitHub\monitor\actions-runner'
[2025-11-13 22:27:38Z INFO HostContext] Well known config file 'Credentials': 'C:\Users\pedro\Documents\GitHub\monitor\actions-runner\.credentials'
[2025-11-13 22:27:38Z INFO ConfigurationStore] CredFilePath: C:\Users\pedro\Documents\GitHub\monitor\actions-runner\.credentials
[2025-11-13 22:27:38Z INFO HostContext] Well known directory 'Bin': 'C:\Users\pedro\Documents\GitHub\monitor\actions-runner\bin'
[2025-11-13 22:27:38Z INFO HostContext] Well known directory 'Root': 'C:\Users\pedro\Documents\GitHub\monitor\actions-runner'
[2025-11-13 22:27:38Z INFO HostContext] Well known config file 'MigratedCredentials': 'C:\Users\pedro\Documents\GitHub\monitor\actions-runner\.credentials_migrated'
[2025-11-13 22:27:38Z INFO ConfigurationStore] MigratedCredFilePath: C:\Users\pedro\Documents\GitHub\monitor\actions-runner\.credentials_migrated
[2025-11-13 22:27:38Z INFO HostContext] Well known directory 'Bin': 'C:\Users\pedro\Documents\GitHub\monitor\actions-runner\bin'
[2025-11-13 22:27:38Z INFO HostContext] Well known directory 'Root': 'C:\Users\pedro\Documents\GitHub\monitor\actions-runner'
[2025-11-13 22:27:38Z INFO HostContext] Well known config file 'Service': 'C:\Users\pedro\Documents\GitHub\monitor\actions-runner\.service'
[2025-11-13 22:27:38Z INFO ConfigurationStore] ServiceConfigFilePath: C:\Users\pedro\Documents\GitHub\monitor\actions-runner\.service
[2025-11-13 22:27:38Z INFO CommandSettings] Flag 'help': 'False'
[2025-11-13 22:27:38Z INFO CommandSettings] Flag 'version': 'False'
[2025-11-13 22:27:38Z INFO CommandSettings] Flag 'commit': 'False'
[2025-11-13 22:27:38Z INFO CommandSettings] Flag 'check': 'False'
[2025-11-13 22:27:38Z INFO CommandSettings] Command 'configure': 'True'
[2025-11-13 22:27:38Z INFO Terminal] WRITE LINE: 
[2025-11-13 22:27:38Z INFO Terminal] WRITE LINE: --------------------------------------------------------------------------------
[2025-11-13 22:27:38Z INFO Terminal] WRITE LINE: |        ____ _ _   _   _       _          _        _   _                      |
[2025-11-13 22:27:38Z INFO Terminal] WRITE LINE: |       / ___(_) |_| | | |_   _| |__      / \   ___| |_(_) ___  _ __  ___      |
[2025-11-13 22:27:38Z INFO Terminal] WRITE LINE: |      | |  _| | __| |_| | | | | '_ \    / _ \ / __| __| |/ _ \| '_ \/ __|     |
[2025-11-13 22:27:38Z INFO Terminal] WRITE LINE: |      | |_| | | |_|  _  | |_| | |_) |  / ___ \ (__| |_| | (_) | | | \__ \     |
[2025-11-13 22:27:38Z INFO Terminal] WRITE LINE: |       \____|_|\__|_| |_|\__,_|_.__/  /_/   \_\___|\__|_|\___/|_| |_|___/     |
[2025-11-13 22:27:38Z INFO Terminal] WRITE LINE: |                                                                              |
[2025-11-13 22:27:38Z INFO Terminal] WRITE: |                       
[2025-11-13 22:27:38Z INFO Terminal] WRITE: Self-hosted runner registration
[2025-11-13 22:27:38Z INFO Terminal] WRITE LINE:                         |
[2025-11-13 22:27:38Z INFO Terminal] WRITE LINE: |                                                                              |
[2025-11-13 22:27:38Z INFO Terminal] WRITE LINE: --------------------------------------------------------------------------------
[2025-11-13 22:27:38Z INFO ConfigurationManager] ConfigureAsync
[2025-11-13 22:27:38Z INFO CommandSettings] Flag 'generateServiceConfig': 'False'
[2025-11-13 22:27:38Z INFO ConfigurationStore] IsConfigured()
[2025-11-13 22:27:38Z INFO ConfigurationStore] IsConfigured: False
[2025-11-13 22:27:38Z INFO ConfigurationManager] Is configured: False
[2025-11-13 22:27:38Z INFO CommandSettings] Arg 'url': ''
[2025-11-13 22:27:38Z INFO CommandSettings] Flag 'unattended': 'False'
[2025-11-13 22:27:38Z INFO PromptManager] ReadValue
[2025-11-13 22:27:38Z INFO Terminal] WRITE: What is the URL of your repository? 
[2025-11-13 22:27:38Z INFO Terminal] READ LINE
[2025-11-13 22:28:06Z INFO Terminal] Read value: 'https://github.com/PedroG659/monitor'
[2025-11-13 22:28:06Z INFO CommandSettings] Arg 'token': ''
[2025-11-13 22:28:06Z INFO CommandSettings] Flag 'unattended': 'False'
[2025-11-13 22:28:06Z INFO PromptManager] ReadValue
[2025-11-13 22:28:06Z INFO Terminal] WRITE: What is your runner register token? 
[2025-11-13 22:28:06Z INFO Terminal] READ SECRET
[2025-11-13 22:28:44Z INFO Terminal] Read value: '***'
[2025-11-13 22:28:44Z INFO ConfigurationManager] Http response code: OK from 'POST https://api.github.com/actions/runner-registration' (FC77:2AE978:11B1F42:13795F7:69165B96)
[2025-11-13 22:28:44Z INFO ConfigurationManager] Using runner-admin flow: False
[2025-11-13 22:28:44Z INFO ConfigurationManager] cred retrieved via GitHub auth
[2025-11-13 22:28:44Z INFO RunnerServer] EstablishVssConnection
[2025-11-13 22:28:44Z INFO RunnerServer] Establish connection with 100 seconds timeout.
[2025-11-13 22:28:44Z INFO GitHubActionsService] Starting operation Location.GetConnectionData
[2025-11-13 22:28:45Z INFO RunnerServer] EstablishVssConnection
[2025-11-13 22:28:45Z INFO RunnerServer] Establish connection with 60 seconds timeout.
[2025-11-13 22:28:45Z INFO GitHubActionsService] Starting operation Location.GetConnectionData
[2025-11-13 22:28:45Z INFO RunnerServer] EstablishVssConnection
[2025-11-13 22:28:45Z INFO RunnerServer] Establish connection with 60 seconds timeout.
[2025-11-13 22:28:45Z INFO GitHubActionsService] Starting operation Location.GetConnectionData
[2025-11-13 22:28:46Z INFO GitHubActionsService] Finished operation Location.GetConnectionData
[2025-11-13 22:28:46Z INFO GitHubActionsService] Finished operation Location.GetConnectionData
[2025-11-13 22:28:46Z INFO GitHubActionsService] Finished operation Location.GetConnectionData
[2025-11-13 22:28:46Z INFO Terminal] WRITE LINE: 
[2025-11-13 22:28:46Z INFO ConfigurationManager] Test Connection complete.
[2025-11-13 22:28:46Z INFO HostContext] Well known directory 'Bin': 'C:\Users\pedro\Documents\GitHub\monitor\actions-runner\bin'
[2025-11-13 22:28:46Z INFO HostContext] Well known directory 'Root': 'C:\Users\pedro\Documents\GitHub\monitor\actions-runner'
[2025-11-13 22:28:46Z INFO HostContext] Well known config file 'RSACredentials': 'C:\Users\pedro\Documents\GitHub\monitor\actions-runner\.credentials_rsaparams'
[2025-11-13 22:28:46Z INFO RSAEncryptedFileKeyManager] Creating new RSA key using 2048-bit key length
[2025-11-13 22:28:46Z INFO RSAEncryptedFileKeyManager] Successfully saved RSA key parameters to file C:\Users\pedro\Documents\GitHub\monitor\actions-runner\.credentials_rsaparams
[2025-11-13 22:28:46Z INFO CommandSettings] Arg 'runnergroup': ''
[2025-11-13 22:28:46Z INFO CommandSettings] Flag 'unattended': 'False'
[2025-11-13 22:28:46Z INFO PromptManager] ReadValue
[2025-11-13 22:28:46Z INFO Terminal] WRITE: Enter the name of the runner group to add this runner to: 
[2025-11-13 22:28:46Z INFO Terminal] WRITE: [press Enter for Default] 
[2025-11-13 22:28:46Z INFO Terminal] READ LINE
[2025-11-13 22:28:50Z INFO Terminal] Read value: ''
[2025-11-13 22:28:50Z INFO PromptManager] Falling back to the default: 'Default'
[2025-11-13 22:28:50Z INFO Terminal] WRITE LINE: 
[2025-11-13 22:28:50Z INFO ConfigurationManager] Found a self-hosted runner group with id 1 and name Default
[2025-11-13 22:28:50Z INFO CommandSettings] Flag 'disableupdate': 'False'
[2025-11-13 22:28:50Z INFO CommandSettings] Flag 'ephemeral': 'False'
[2025-11-13 22:28:50Z INFO CommandSettings] Arg 'name': ''
[2025-11-13 22:28:50Z INFO CommandSettings] Flag 'unattended': 'False'
[2025-11-13 22:28:50Z INFO PromptManager] ReadValue
[2025-11-13 22:28:50Z INFO Terminal] WRITE: Enter the name of runner: 
[2025-11-13 22:28:50Z INFO Terminal] WRITE: [press Enter for TYMOSHI] 
[2025-11-13 22:28:50Z INFO Terminal] READ LINE
[2025-11-13 22:28:53Z INFO Terminal] Read value: ''
[2025-11-13 22:28:53Z INFO PromptManager] Falling back to the default: 'TYMOSHI'
[2025-11-13 22:28:53Z INFO Terminal] WRITE LINE: 
[2025-11-13 22:28:53Z INFO CommandSettings] Arg 'labels': ''
[2025-11-13 22:28:53Z INFO CommandSettings] Flag 'unattended': 'False'
[2025-11-13 22:28:53Z INFO PromptManager] ReadValue
[2025-11-13 22:28:53Z INFO Terminal] WRITE: This runner will have the following labels: 'self-hosted', 'Windows', 'X64' 
Enter any additional labels (ex. label-1,label-2): 
[2025-11-13 22:28:53Z INFO Terminal] WRITE: [press Enter to skip] 
[2025-11-13 22:28:53Z INFO Terminal] READ LINE
[2025-11-13 22:28:58Z INFO Terminal] Read value: ''
[2025-11-13 22:28:58Z INFO Terminal] WRITE LINE: 
[2025-11-13 22:28:58Z INFO CommandSettings] Flag 'disableupdate': 'False'
[2025-11-13 22:28:58Z INFO CommandSettings] Flag 'no-default-labels': 'False'
[2025-11-13 22:28:59Z INFO CommandSettings] Flag 'disableupdate': 'False'
[2025-11-13 22:28:59Z INFO CommandSettings] Flag 'ephemeral': 'False'
[2025-11-13 22:28:59Z INFO ConfigurationStore] Saving OAuth credential @ C:\Users\pedro\Documents\GitHub\monitor\actions-runner\.credentials
[2025-11-13 22:28:59Z INFO ConfigurationStore] Credentials Saved.
[2025-11-13 22:28:59Z INFO ConfigurationManager] Service enforced serverUrlV2: https://broker.actions.githubusercontent.com/
[2025-11-13 22:28:59Z INFO ConfigurationManager] Service enforced useV2Flow: True
[2025-11-13 22:28:59Z INFO CommandSettings] Arg 'work': ''
[2025-11-13 22:28:59Z INFO CommandSettings] Flag 'unattended': 'False'
[2025-11-13 22:28:59Z INFO PromptManager] ReadValue
[2025-11-13 22:28:59Z INFO Terminal] WRITE: Enter name of work folder: 
[2025-11-13 22:28:59Z INFO Terminal] WRITE: [press Enter for _work] 
[2025-11-13 22:28:59Z INFO Terminal] READ LINE
[2025-11-13 22:29:04Z INFO Terminal] Read value: ''
[2025-11-13 22:29:04Z INFO PromptManager] Falling back to the default: '_work'
[2025-11-13 22:29:04Z INFO ConfigurationStore] Saving runner settings.
[2025-11-13 22:29:04Z INFO ConfigurationStore] Settings Saved.
[2025-11-13 22:29:04Z INFO Terminal] WRITE LINE: 
[2025-11-13 22:29:04Z INFO Terminal] WRITE LINE: 
[2025-11-13 22:29:04Z INFO CommandSettings] Flag 'runasservice': 'False'
[2025-11-13 22:29:04Z INFO CommandSettings] Flag 'unattended': 'False'
[2025-11-13 22:29:04Z INFO PromptManager] ReadValue
[2025-11-13 22:29:04Z INFO Terminal] WRITE: Would you like to run the runner as service? (Y/N) 
[2025-11-13 22:29:04Z INFO Terminal] WRITE: [press Enter for N] 
[2025-11-13 22:29:04Z INFO Terminal] READ LINE
[2025-11-13 22:29:13Z INFO Terminal] Read value: ''
[2025-11-13 22:29:13Z INFO PromptManager] Falling back to the default: 'N'
[2025-11-13 22:29:13Z INFO Listener] Runner execution has finished with return code 0
